Der Buildvorgang wurde am 01.11.2014 00:46:46 gestartet.
     1>Projekt "C:\Users\Mitja\SkyDrive\Documents\Visual Studio 2010\Projects\AaxToMp3_2\AaxToMp3_2\AaxToMp3_2.vcxproj" auf Knoten "2", build Ziel(e).
     1>InitializeBuildStatus:
         Aktualisieren des Timestamps von "Release\AaxToMp3_2.unsuccessfulbuild".
       ClCompile:
         Alle Ausgaben sind aktuell.
         c:\Program Files (x86)\Microsoft Visual Studio 10.0\VC\bin\CL.exe /c /Zi /nologo /W3 /WX- /O2 /Oi /Oy- /GL /D WIN32 /D NDEBUG /D _CONSOLE /D _UNICODE /D UNICODE /Gm- /EHsc /MD /GS /Gy /fp:precise /Zc:wchar_t /Zc:forScope /Yu"StdAfx.h" /Fp"Release\AaxToMp3_2.pch" /Fo"Release\\" /Fd"Release\vc100.pdb" /Gd /TP /analyze- /errorReport:prompt AaxToMp3_2.cpp
         AaxToMp3_2.cpp
       Link:
         c:\Program Files (x86)\Microsoft Visual Studio 10.0\VC\bin\link.exe /ERRORREPORT:PROMPT /OUT:"C:\Users\Mitja\SkyDrive\Documents\Visual Studio 2010\Projects\AaxToMp3_2\Release\AaxToMp3_2.exe" /INCREMENTAL:NO /NOLOGO kernel32.lib user32.lib gdi32.lib winspool.lib comdlg32.lib advapi32.lib shell32.lib ole32.lib oleaut32.lib uuid.lib odbc32.lib odbccp32.lib /MANIFEST /ManifestFile:"Release\AaxToMp3_2.exe.intermediate.manifest" /MANIFESTUAC:"level='asInvoker' uiAccess='false'" /DEBUG /PDB:"C:\Users\Mitja\SkyDrive\Documents\Visual Studio 2010\Projects\AaxToMp3_2\Release\AaxToMp3_2.pdb" /SUBSYSTEM:CONSOLE /OPT:REF /OPT:ICF /LTCG /TLBID:1 /DYNAMICBASE /NXCOMPAT /IMPLIB:"C:\Users\Mitja\SkyDrive\Documents\Visual Studio 2010\Projects\AaxToMp3_2\Release\AaxToMp3_2.lib" /MACHINE:X86 Release\AaxToMp3_2.obj
         Release\stdafx.obj
         Code wird generiert.
         Codegenerierung ist abgeschlossen.
         AaxToMp3_2.vcxproj -> C:\Users\Mitja\SkyDrive\Documents\Visual Studio 2010\Projects\AaxToMp3_2\Release\AaxToMp3_2.exe
       Manifest:
         C:\Program Files (x86)\Microsoft SDKs\Windows\v7.0A\bin\mt.exe /nologo /verbose /outputresource:"C:\Users\Mitja\SkyDrive\Documents\Visual Studio 2010\Projects\AaxToMp3_2\Release\AaxToMp3_2.exe;#1" /manifest Release\AaxToMp3_2.exe.intermediate.manifest
       FinalizeBuildStatus:
         Die Datei "Release\AaxToMp3_2.unsuccessfulbuild" wird gelöscht.
         Aktualisieren des Timestamps von "Release\AaxToMp3_2.lastbuildstate".
     1>Die Erstellung des Projekts "C:\Users\Mitja\SkyDrive\Documents\Visual Studio 2010\Projects\AaxToMp3_2\AaxToMp3_2\AaxToMp3_2.vcxproj" ist abgeschlossen, build Ziel(e).

Das Erstellen war erfolgreich.

Verstrichene Zeit 00:00:00.96
